<?xml version="1.0" encoding="UTF-8"?>
<testsuite xmlns:xsi="http://www.w3.org/2001/XMLSchema-instance" xsi:noNamespaceSchemaLocation="https://maven.apache.org/surefire/maven-surefire-plugin/xsd/surefire-test-report-3.0.xsd" version="3.0" name="TestSuite" time="29.811" tests="1" errors="0" skipped="0" failures="0">
  <properties>
[...]
</properties>
  <testcase name="runScenario[&quot;Verify User Login with valid and Invalid  Credentials&quot;, &quot;Login Feature&quot;](1)" classname="com.testrunner.TestRunner" time="28.379">
    <system-out><![CDATA[
@smoke1
Scenario: Verify User Login with valid and Invalid  Credentials                    # FeatureFiles/Login.feature:3
  Given User launch browser and open Url 'http://automationpractice.com/index.php' # com.stepdefinition.Login_Steps.user_launch_browser_and_open_Url(java.lang.String)
  When User Verify Page  Title "My Store"                                          # com.stepdefinition.Login_Steps.user_Verify_Page_Title(java.lang.String)
  Then User Click On Sign In Button                                                # com.stepdefinition.Login_Steps.user_Click_On_Sign_In_Button()
  And User verify Login Page Title "Login - My Store"                              # com.stepdefinition.Login_Steps.user_verify_Login_Page_Title(java.lang.String)
  And User Enter Email As "gnsanap22992@gmail.com" And Password As "test123"       # com.stepdefinition.Login_Steps.user_Enter_Email_As_And_Password_As(java.lang.String,java.lang.String)
  Then User Click on Signin Button                                                 # com.stepdefinition.Login_Steps.user_Click_on_Signin_Button()
  And User verify page with Title "My account - My Store"                          # com.stepdefinition.Login_Steps.user_verify_page_with_Title(java.lang.String)
  When User Click on Sign Out Button and verify SignOut "Login - My Store"         # com.stepdefinition.Login_Steps.user_Click_on_Sign_Out_Button_and_verify_SignOut(java.lang.String)
Login Test Successfull
  Then User close browser                                                          # com.stepdefinition.Login_Steps.user_close_browser()

    Embedding null [image/png 88174 bytes]

]]></system-out>
    <system-err><![CDATA[Jul 15, 2020 3:06:47 PM io.cucumber.testng.TestNGCucumberRunner <init>
WARNING: By default Cucumber is running in --non-strict mode.
This default will change to --strict and --non-strict will be removed.
You can use --strict or @CucumberOptions(strict = true) to suppress this warning
Starting ChromeDriver 83.0.4103.39 (ccbf011cb2d2b19b506d844400483861342c20cd-refs/branch-heads/4103@{#416}) on port 12042
Only local connections are allowed.
Please see https://chromedriver.chromium.org/security-considerations for suggestions on keeping ChromeDriver safe.
ChromeDriver was started successfully.
Jul 15, 2020 3:06:52 PM org.openqa.selenium.remote.ProtocolHandshake createSession
INFO: Detected dialect: W3C
]]></system-err>
  </testcase>
</testsuite>