<?xml version="1.0" encoding="UTF-8"?>
<testng-results skipped="0" failed="0" ignored="0" total="1" passed="1">
  <reporter-output>
  </reporter-output>
  <suite name="Default suite" duration-ms="30576" started-at="2020-07-15T14:41:12 IST" finished-at="2020-07-15T14:41:42 IST">
    <groups>
      <group name="cucumber">
        <method signature="AbstractTestNGCucumberTests.runScenario(io.cucumber.testng.PickleWrapper, io.cucumber.testng.FeatureWrapper)[pri:0, instance:com.testrunner.TestRunner@23d2a7e8]" name="runScenario" class="io.cucumber.testng.AbstractTestNGCucumberTests"/>
      </group> <!-- cucumber -->
    </groups>
    <test name="Default test" duration-ms="30576" started-at="2020-07-15T14:41:12 IST" finished-at="2020-07-15T14:41:42 IST">
      <class name="com.testrunner.TestRunner">
        <test-method status="PASS" signature="setUpClass()[pri:0, instance:com.testrunner.TestRunner@23d2a7e8]" name="setUpClass" is-config="true" duration-ms="417" started-at="2020-07-15T14:41:12 IST" finished-at="2020-07-15T14:41:12 IST">
          <reporter-output>
          </reporter-output>
        </test-method> <!-- setUpClass -->
        <test-method status="PASS" signature="runScenario(io.cucumber.testng.PickleWrapper, io.cucumber.testng.FeatureWrapper)[pri:0, instance:com.testrunner.TestRunner@23d2a7e8]" name="runScenario" duration-ms="29933" started-at="2020-07-15T14:41:12 IST" description="Runs Cucumber Scenarios" data-provider="scenarios" finished-at="2020-07-15T14:41:42 IST">
          <params>
            <param index="0">
              <value>
                <![CDATA["Verify User Login with valid and Invalid  Credentials"]]>
              </value>
            </param>
            <param index="1">
              <value>
                <![CDATA["Login Feature"]]>
              </value>
            </param>
          </params>
          <reporter-output>
          </reporter-output>
        </test-method> <!-- runScenario -->
        <test-method status="PASS" signature="tearDownClass()[pri:0, instance:com.testrunner.TestRunner@23d2a7e8]" name="tearDownClass" is-config="true" duration-ms="152" started-at="2020-07-15T14:41:42 IST" finished-at="2020-07-15T14:41:42 IST">
          <reporter-output>
          </reporter-output>
        </test-method> <!-- tearDownClass -->
      </class> <!-- com.testrunner.TestRunner -->
    </test> <!-- Default test -->
  </suite> <!-- Default suite -->
</testng-results>
